<?xml version="1.0" encoding="UTF-8"?>
<testng-results skipped="0" failed="0" total="1" passed="1">
  <reporter-output>
  </reporter-output>
  <suite name="Default suite" duration-ms="6561" started-at="2018-11-01T09:13:36Z" finished-at="2018-11-01T09:13:42Z">
    <groups>
    </groups>
    <test name="Default test" duration-ms="6561" started-at="2018-11-01T09:13:36Z" finished-at="2018-11-01T09:13:42Z">
      <class name="selenium_api.Topic_01_CheckEnvironment">
        <test-method status="PASS" signature="beforeClass()[pri:0, instance:selenium_api.Topic_01_CheckEnvironment@1ff8b8f]" name="beforeClass" is-config="true" duration-ms="5134" started-at="2018-11-01T16:13:36Z" finished-at="2018-11-01T16:13:41Z">
          <reporter-output>
          </reporter-output>
        </test-method> <!-- beforeClass -->
        <test-method status="PASS" signature="TC_01_CheckTitle()[pri:0, instance:selenium_api.Topic_01_CheckEnvironment@1ff8b8f]" name="TC_01_CheckTitle" duration-ms="58" started-at="2018-11-01T16:13:41Z" finished-at="2018-11-01T16:13:41Z">
          <reporter-output>
          </reporter-output>
        </test-method> <!-- TC_01_CheckTitle -->
        <test-method status="PASS" signature="afterClass()[pri:0, instance:selenium_api.Topic_01_CheckEnvironment@1ff8b8f]" name="afterClass" is-config="true" duration-ms="1355" started-at="2018-11-01T16:13:41Z" finished-at="2018-11-01T16:13:42Z">
          <reporter-output>
          </reporter-output>
        </test-method> <!-- afterClass -->
      </class> <!-- selenium_api.Topic_01_CheckEnvironment -->
    </test> <!-- Default test -->
  </suite> <!-- Default suite -->
</testng-results>
